# JRE version: Java(TM) SE Runtime Environment (8.0_121-b13) (build 1.8.0_121-b13)
# Java VM: Java HotSpot(TM) 64-Bit Server VM (25.121-b13 mixed mode windows-amd64 compressed oops)
Heap:
 PSYoungGen      total 667136K, used 578601K [0x00000000d6100000, 0x00000000fff00000, 0x0000000100000000)
  eden space 649216K, 88% used [0x00000000d6100000,0x00000000f9462490,0x00000000fdb00000)
  from space 17920K, 9% used [0x00000000fed80000,0x00000000fef28000,0x00000000fff00000)
  to   space 18432K, 0% used [0x00000000fdb00000,0x00000000fdb00000,0x00000000fed00000)
 ParOldGen       total 91648K, used 36056K [0x0000000082200000, 0x0000000087b80000, 0x00000000d6100000)
  object space 91648K, 39% used [0x0000000082200000,0x0000000084536040,0x0000000087b80000)
 Metaspace       used 62749K, capacity 65646K, committed 65816K, reserved 1105920K
  class space    used 8152K, capacity 8640K, committed 8752K, reserved 1048576K
GC Heap History (10 events):
Event: 1555.271 GC heap before
{Heap before GC invocations=15 (full 3):
 PSYoungGen      total 369152K, used 349184K [0x00000000d6100000, 0x00000000f6c00000, 0x0000000100000000)
  eden space 349184K, 100% used [0x00000000d6100000,0x00000000eb600000,0x00000000eb600000)
  from space 19968K, 0% used [0x00000000eb600000,0x00000000eb600000,0x00000000ec980000)
  to   space 19456K, 0% used [0x00000000f5900000,0x00000000f5900000,0x00000000f6c00000)
 ParOldGen       total 91648K, used 31056K [0x0000000082200000, 0x0000000087b80000, 0x00000000d6100000)
  object space 91648K, 33% used [0x0000000082200000,0x0000000084054390,0x0000000087b80000)
 Metaspace       used 62338K, capacity 65230K, committed 65560K, reserved 1105920K
  class space    used 8133K, capacity 8634K, committed 8752K, reserved 1048576K
Event: 1555.282 GC heap after
Heap after GC invocations=15 (full 3):
 PSYoungGen      total 508928K, used 7518K [0x00000000d6100000, 0x00000000f6780000, 0x0000000100000000)
  eden space 494080K, 0% used [0x00000000d6100000,0x00000000d6100000,0x00000000f4380000)
  from space 14848K, 50% used [0x00000000f5900000,0x00000000f6057828,0x00000000f6780000)
  to   space 18432K, 0% used [0x00000000f4380000,0x00000000f4380000,0x00000000f5580000)
 ParOldGen       total 91648K, used 31064K [0x0000000082200000, 0x0000000087b80000, 0x00000000d6100000)
  object space 91648K, 33% used [0x0000000082200000,0x0000000084056390,0x0000000087b80000)
 Metaspace       used 62338K, capacity 65230K, committed 65560K, reserved 1105920K
  class space    used 8133K, capacity 8634K, committed 8752K, reserved 1048576K
}
Event: 5966.719 GC heap before
{Heap before GC invocations=16 (full 3):
 PSYoungGen      total 508928K, used 501598K [0x00000000d6100000, 0x00000000f6780000, 0x0000000100000000)
  eden space 494080K, 100% used [0x00000000d6100000,0x00000000f4380000,0x00000000f4380000)
  from space 14848K, 50% used [0x00000000f5900000,0x00000000f6057828,0x00000000f6780000)
  to   space 18432K, 0% used [0x00000000f4380000,0x00000000f4380000,0x00000000f5580000)
 ParOldGen       total 91648K, used 31064K [0x0000000082200000, 0x0000000087b80000, 0x00000000d6100000)
  object space 91648K, 33% used [0x0000000082200000,0x0000000084056390,0x0000000087b80000)
 Metaspace       used 62450K, capacity 65370K, committed 65560K, reserved 1105920K
  class space    used 8134K, capacity 8636K, committed 8752K, reserved 1048576K
Event: 5973.136 GC heap after
Heap after GC invocations=16 (full 3):
 PSYoungGen      total 512512K, used 1728K [0x00000000d6100000, 0x0000000100000000, 0x0000000100000000)
  eden space 494080K, 0% used [0x00000000d6100000,0x00000000d6100000,0x00000000f4380000)
  from space 18432K, 9% used [0x00000000f4380000,0x00000000f4530000,0x00000000f5580000)
  to   space 18944K, 0% used [0x00000000fed80000,0x00000000fed80000,0x0000000100000000)
 ParOldGen       total 91648K, used 34462K [0x0000000082200000, 0x0000000087b80000, 0x00000000d6100000)
  object space 91648K, 37% used [0x0000000082200000,0x00000000843a7aa0,0x0000000087b80000)
 Metaspace       used 62450K, capacity 65370K, committed 65560K, reserved 1105920K
  class space    used 8134K, capacity 8636K, committed 8752K, reserved 1048576K
}
Event: 10580.390 GC heap before
{Heap before GC invocations=17 (full 3):
 PSYoungGen      total 512512K, used 495808K [0x00000000d6100000, 0x0000000100000000, 0x0000000100000000)
  eden space 494080K, 100% used [0x00000000d6100000,0x00000000f4380000,0x00000000f4380000)
  from space 18432K, 9% used [0x00000000f4380000,0x00000000f4530000,0x00000000f5580000)
  to   space 18944K, 0% used [0x00000000fed80000,0x00000000fed80000,0x0000000100000000)
 ParOldGen       total 91648K, used 34462K [0x0000000082200000, 0x0000000087b80000, 0x00000000d6100000)
  object space 91648K, 37% used [0x0000000082200000,0x00000000843a7aa0,0x0000000087b80000)
 Metaspace       used 62494K, capacity 65434K, committed 65560K, reserved 1105920K
  class space    used 8134K, capacity 8636K, committed 8752K, reserved 1048576K
Event: 10585.305 GC heap after
Heap after GC invocations=17 (full 3):
 PSYoungGen      total 668160K, used 1216K [0x00000000d6100000, 0x0000000100000000, 0x0000000100000000)
  eden space 649216K, 0% used [0x00000000d6100000,0x00000000d6100000,0x00000000fdb00000)
  from space 18944K, 6% used [0x00000000fed80000,0x00000000feeb0000,0x0000000100000000)
  to   space 18944K, 0% used [0x00000000fdb00000,0x00000000fdb00000,0x00000000fed80000)
 ParOldGen       total 91648K, used 34999K [0x0000000082200000, 0x0000000087b80000, 0x00000000d6100000)
  object space 91648K, 38% used [0x0000000082200000,0x000000008442dc80,0x0000000087b80000)
 Metaspace       used 62494K, capacity 65434K, committed 65560K, reserved 1105920K
  class space    used 8134K, capacity 8636K, committed 8752K, reserved 1048576K
}
Event: 16122.920 GC heap before
{Heap before GC invocations=18 (full 3):
 PSYoungGen      total 668160K, used 650432K [0x00000000d6100000, 0x0000000100000000, 0x0000000100000000)
  eden space 649216K, 100% used [0x00000000d6100000,0x00000000fdb00000,0x00000000fdb00000)
  from space 18944K, 6% used [0x00000000fed80000,0x00000000feeb0000,0x0000000100000000)
  to   space 18944K, 0% used [0x00000000fdb00000,0x00000000fdb00000,0x00000000fed80000)
 ParOldGen       total 91648K, used 34999K [0x0000000082200000, 0x0000000087b80000, 0x00000000d6100000)
  object space 91648K, 38% used [0x0000000082200000,0x000000008442dc80,0x0000000087b80000)
 Metaspace       used 62543K, capacity 65434K, committed 65560K, reserved 1105920K
  class space    used 8134K, capacity 8636K, committed 8752K, reserved 1048576K
Event: 16123.455 GC heap after
Heap after GC invocations=18 (full 3):
 PSYoungGen      total 668160K, used 2240K [0x00000000d6100000, 0x0000000100000000, 0x0000000100000000)
  eden space 649216K, 0% used [0x00000000d6100000,0x00000000d6100000,0x00000000fdb00000)
  from space 18944K, 11% used [0x00000000fdb00000,0x00000000fdd30000,0x00000000fed80000)
  to   space 18944K, 0% used [0x00000000fed80000,0x00000000fed80000,0x0000000100000000)
 ParOldGen       total 91648K, used 35527K [0x0000000082200000, 0x0000000087b80000, 0x00000000d6100000)
  object space 91648K, 38% used [0x0000000082200000,0x00000000844b1e60,0x0000000087b80000)
 Metaspace       used 62543K, capacity 65434K, committed 65560K, reserved 1105920K
  class space    used 8134K, capacity 8636K, committed 8752K, reserved 1048576K
}
Event: 21850.849 GC heap before
{Heap before GC invocations=19 (full 3):
 PSYoungGen      total 668160K, used 651456K [0x00000000d6100000, 0x0000000100000000, 0x0000000100000000)
  eden space 649216K, 100% used [0x00000000d6100000,0x00000000fdb00000,0x00000000fdb00000)
  from space 18944K, 11% used [0x00000000fdb00000,0x00000000fdd30000,0x00000000fed80000)
  to   space 18944K, 0% used [0x00000000fed80000,0x00000000fed80000,0x0000000100000000)
 ParOldGen       total 91648K, used 35527K [0x0000000082200000, 0x0000000087b80000, 0x00000000d6100000)
  object space 91648K, 38% used [0x0000000082200000,0x00000000844b1e60,0x0000000087b80000)
 Metaspace       used 62604K, capacity 65498K, committed 65816K, reserved 1105920K
  class space    used 8134K, capacity 8636K, committed 8752K, reserved 1048576K
Event: 21854.336 GC heap after
Heap after GC invocations=19 (full 3):
 PSYoungGen      total 667136K, used 1696K [0x00000000d6100000, 0x00000000fff00000, 0x0000000100000000)
  eden space 649216K, 0% used [0x00000000d6100000,0x00000000d6100000,0x00000000fdb00000)
  from space 17920K, 9% used [0x00000000fed80000,0x00000000fef28000,0x00000000fff00000)
  to   space 18432K, 0% used [0x00000000fdb00000,0x00000000fdb00000,0x00000000fed00000)
 ParOldGen       total 91648K, used 36056K [0x0000000082200000, 0x0000000087b80000, 0x00000000d6100000)
  object space 91648K, 39% used [0x0000000082200000,0x0000000084536040,0x0000000087b80000)
 Metaspace       used 62604K, capacity 65498K, committed 65816K, reserved 1105920K
  class space    used 8134K, capacity 8636K, committed 8752K, reserved 1048576K
}

